C51 COMPILER V9.57.0.0   24C02                                                             06/28/2020 16:47:58 PAGE 1   


C51 COMPILER V9.57.0.0, COMPILATION OF MODULE 24C02
OBJECT MODULE PLACED IN .\Objects\24c02.obj
COMPILER INVOKED BY: D:\KeilC51\C51\BIN\C51.EXE 24c02.c OPTIMIZE(8,SPEED) BROWSE DEBUG OBJECTEXTEND PRINT(.\Listings\24c
                    -02.lst) TABS(2) OBJECT(.\Objects\24c02.obj)

line level    source

   1          #include "24c02.h"
   2          
   3          void AT24c02_Write(uchar addw,uchar add,uchar dat)
   4          {
   5   1        IIC_Start();
   6   1        IIC_SendByte(addw);
   7   1        IIC_WaitAck();
   8   1        IIC_SendByte(add);
   9   1        IIC_WaitAck();
  10   1        IIC_SendByte(dat);
  11   1        IIC_WaitAck();
  12   1        IIC_Stop();
  13   1      }
  14          
  15          uchar AT24c02_Read(uchar addw,uchar add,uchar addr)
  16          {
  17   1        unsigned char dat;
  18   1        IIC_Start();
  19   1        IIC_SendByte(addw);
  20   1        IIC_WaitAck();
  21   1        IIC_SendByte(add);
  22   1        IIC_WaitAck();
  23   1        IIC_Start();
  24   1        IIC_SendByte(addr);
  25   1        IIC_WaitAck();
  26   1        dat = IIC_ReadByte();
  27   1        IIC_Ack(1);
  28   1        IIC_Stop();
  29   1        return dat;
  30   1      }
  31          
  32          void AT24c02_WritePage(uchar addw,uchar add,uchar *p,uchar count)
  33          {
  34   1        uchar i;
  35   1        IIC_Start();
  36   1        IIC_SendByte(addw);
  37   1        IIC_WaitAck();
  38   1        IIC_SendByte(add);
  39   1        IIC_WaitAck();
  40   1        for(i=0;i<count;i++)
  41   1        {
  42   2          IIC_SendByte(*p);
  43   2          IIC_WaitAck();
  44   2          p++;
  45   2        }
  46   1        IIC_Stop();
  47   1      }
  48          
  49          void AT24c02_ReadPage(uchar addw,uchar add,uchar addr,uchar *a,uchar count)
  50          {
  51   1        uchar i;
  52   1        IIC_Start();
  53   1        IIC_SendByte(addw);
  54   1        IIC_WaitAck();
C51 COMPILER V9.57.0.0   24C02                                                             06/28/2020 16:47:58 PAGE 2   

  55   1        IIC_SendByte(add);
  56   1        IIC_WaitAck();
  57   1        IIC_Start();
  58   1        IIC_SendByte(addr);
  59   1        IIC_WaitAck();
  60   1        for(i=0;i<count-1;i++)
  61   1        {
  62   2          *a = IIC_ReadByte();
  63   2          IIC_Ack(0);
  64   2          a++;
  65   2        }
  66   1        *a = IIC_ReadByte();
  67   1        IIC_Ack(1);
  68   1        IIC_Stop();
  69   1      }
  70          
  71          void AT_WritePage_LedOn(uchar *p)
  72          {
  73   1        AT24c02_WritePage(0xa0,0x08,p,3);
  74   1      }
  75          
  76          void AT_WritePage_LedOff(uchar *p)
  77          {
  78   1        AT24c02_WritePage(0xa0,0x10,p,3);
  79   1      }


MODULE INFORMATION:   STATIC OVERLAYABLE
   CODE SIZE        =    284    ----
   CONSTANT SIZE    =   ----    ----
   XDATA SIZE       =   ----    ----
   PDATA SIZE       =   ----    ----
   DATA SIZE        =   ----      22
   IDATA SIZE       =   ----    ----
   BIT SIZE         =   ----    ----
END OF MODULE INFORMATION.


C51 COMPILATION COMPLETE.  0 WARNING(S),  0 ERROR(S)
