C51 COMPILER V9.57.0.0   LCD1602                                                           06/28/2020 16:47:58 PAGE 1   


C51 COMPILER V9.57.0.0, COMPILATION OF MODULE LCD1602
OBJECT MODULE PLACED IN .\Objects\lcd1602.obj
COMPILER INVOKED BY: D:\KeilC51\C51\BIN\C51.EXE lcd1602.c OPTIMIZE(8,SPEED) BROWSE DEBUG OBJECTEXTEND PRINT(.\Listings\l
                    -cd1602.lst) TABS(2) OBJECT(.\Objects\lcd1602.obj)

line level    source

   1          /********************************
   2          FILE NAME:        lcd1602.c
   3          CHIP TYPE:        AT89C51
   4          CLOCK FREQUENCY:  12MHZ
   5          IDE:              VSMStudio
   6          COMPILER:         IAR for 8051
   7          TIME:             September 2010
   8          ********************************/
   9          
  10          #include <reg51.h>
  11          #include "IIC.h"
  12          #include <intrins.h> 
  13          #include "lcd1602.h"
  14          #define DATA_BUS  P0 
  15          
  16          sbit RS=P2^0;
  17          sbit RW=P2^1; 
  18          sbit E=P2^2;
  19          
  20          
  21          /*******************************************
  22              LCD1602 Driver mapped as IO peripheral
  23          *******************************************/
  24          // delaym
  25          void delaym(uint j)
  26           { uchar i = 60;
  27   1         for(; j>0; j--)
  28   1          { while(--i);
  29   2            i = 59;
  30   2            while(--i);
  31   2            i = 60;
  32   2          }
  33   1       }
  34          
  35          // Test the Busy bit
  36          void check_busy(void)
  37           { do
  38   1          { DATA_BUS = 0xff;
  39   2            E = 0;
  40   2            RS = 0; 
  41   2            RW = 1;
  42   2            E = 1;
  43   2            _nop_();
  44   2          } while(DATA_BUS & 0x80);
  45   1         E = 0;
  46   1       }
  47          
  48          // Write a command
  49          void write_command(uchar com)
  50           { check_busy();
  51   1         E = 0;
  52   1         RS = 0;
  53   1         RW = 0;
  54   1         DATA_BUS = com;
C51 COMPILER V9.57.0.0   LCD1602                                                           06/28/2020 16:47:58 PAGE 2   

  55   1         E = 1;
  56   1         _nop_();
  57   1         E = 0;
  58   1         delaym(1);
  59   1       }
  60          
  61          // Write Data
  62          void write_data(uchar Adata)
  63           { check_busy();
  64   1         E = 0;
  65   1         RS = 1;
  66   1         RW = 0;
  67   1         DATA_BUS = Adata;
  68   1         E = 1;
  69   1         _nop_();
  70   1         E = 0;
  71   1         delaym(1);
  72   1       }
  73          
  74          // Initialize LCD controller
  75          void LCD_init(void)
  76           { write_command(0x38); // 8-bits, 2 lines, 7x5 dots
  77   1         write_command(0x0C); // no cursor, no blink, enable display
  78   1         write_command(0x06); // auto-increment on
  79   1         write_command(0x01); // clear screen
  80   1         delaym(1);
  81   1       }
  82          
  83          // Display a string
  84          void string(uchar ad, uchar *s)
  85           { write_command(ad);
  86   1         while(*s>0)
  87   1          { write_data(*s++);
  88   2            delaym(100);
  89   2          }
  90   1       }
  91           // display string
  92           void disp(uchar ad, uchar *s)
  93           { write_command(ad);
  94   1         while(*s>0)
  95   1          { write_data(*s++);
  96   2           // delaym(100);
  97   2          }
  98   1       }


MODULE INFORMATION:   STATIC OVERLAYABLE
   CODE SIZE        =    207    ----
   CONSTANT SIZE    =   ----    ----
   XDATA SIZE       =   ----    ----
   PDATA SIZE       =   ----    ----
   DATA SIZE        =   ----       6
   IDATA SIZE       =   ----    ----
   BIT SIZE         =   ----    ----
END OF MODULE INFORMATION.


C51 COMPILATION COMPLETE.  0 WARNING(S),  0 ERROR(S)
