C51 COMPILER V9.57.0.0   MAIN                                                              06/28/2020 16:47:57 PAGE 1   


C51 COMPILER V9.57.0.0, COMPILATION OF MODULE MAIN
OBJECT MODULE PLACED IN .\Objects\main.obj
COMPILER INVOKED BY: D:\KeilC51\C51\BIN\C51.EXE main.c OPTIMIZE(8,SPEED) BROWSE DEBUG OBJECTEXTEND PRINT(.\Listings\main
                    -.lst) TABS(2) OBJECT(.\Objects\main.obj)

line level    source

   1          #include <reg51.h>
   2          #include "PCF8563.h"
   3          #include "lcd1602.h"
   4          #include "uart0.h"
   5          #include "user.h"
   6          
   7          uchar Rs[9];
   8          uchar u_flag = 0;
   9          uchar u_i = 0;
  10          
  11          void UART0_isr(void) interrupt 4
  12          {
  13   1        if(RI)
  14   1        {
  15   2          if(u_i<9)
  16   2          {
  17   3            Rs[u_i] = SBUF;
  18   3            u_i++;
  19   3          }
  20   2          if(u_i==9)
  21   2          {
  22   3            u_flag = 1;
  23   3            ES=0;
  24   3          }
  25   2          RI=0;
  26   2        }
  27   1      }
  28          void main()
  29          {
  30   1        uchar a[3],b[3],c[3],s[3];  //存放时间，秒分时
  31   1        uchar date[3];
  32   1        void (*LED[3])()={LedOff,LedOn,Led_Init};
  33   1        void (*uart_enter[4])(uchar *p) = {PCF8563_WritePage_Time,AT_WritePage_LedOn,AT_WritePage_LedOff,usart_ba
             -ck};
  34   1        Delay101ms();
  35   1        InitUART();
  36   1        LCD_init();
  37   1        while(1)
  38   1        {
  39   2          if(u_flag == 1)
  40   2          {
  41   3            u_flag=0;
  42   3            u_i=0;
  43   3            ES = 1;
  44   3            uart_enter[psw(Rs,a)](a);
  45   3          } 
  46   2          PCF8563_Read_Date(date);
  47   2          disp(0x80,"20");
  48   2          BCD(date,0);
  49   2          PCF8563_ReadPage_Time(s);
  50   2          Delay40ms();
  51   2          BCD(s,1);
  52   2          AT24c02_ReadPage(0xa0,0x08,0xa1,b,3);
  53   2          AT24c02_ReadPage(0xa0,0x10,0xa1,c,3);
C51 COMPILER V9.57.0.0   MAIN                                                              06/28/2020 16:47:57 PAGE 2   

  54   2          LED[Judge(b,s,c)]();
  55   2          
  56   2          
  57   2        }
  58   1      }


MODULE INFORMATION:   STATIC OVERLAYABLE
   CODE SIZE        =    299    ----
   CONSTANT SIZE    =     24    ----
   XDATA SIZE       =   ----    ----
   PDATA SIZE       =   ----    ----
   DATA SIZE        =     11      36
   IDATA SIZE       =   ----    ----
   BIT SIZE         =   ----    ----
END OF MODULE INFORMATION.


C51 COMPILATION COMPLETE.  0 WARNING(S),  0 ERROR(S)
