C51 COMPILER V9.57.0.0   DS1302                                                            09/20/2020 12:04:24 PAGE 1   


C51 COMPILER V9.57.0.0, COMPILATION OF MODULE DS1302
OBJECT MODULE PLACED IN .\Objects\DS1302.obj
COMPILER INVOKED BY: D:\KeilC51\C51\BIN\C51.EXE ..\FsBSP\src\DS1302.c OPTIMIZE(8,SPEED) BROWSE INCDIR(..\FsBSP\inc;..\US
                    -ER) DEBUG OBJECTEXTEND PRINT(.\Listings\DS1302.lst) TABS(2) OBJECT(.\Objects\DS1302.obj)

line level    source

   1          #include "DS1302.h"
   2          
   3          void Delay2us()   //@12.000MHz
   4          {
   5   1        unsigned char i;
   6   1      
   7   1        _nop_();
   8   1        _nop_();
   9   1        i = 3;
  10   1        while (--i);
  11   1      }
  12          
  13          void writebyte(u8 dat) 
  14          {
  15   1        u8 i;
  16   1        EA = 0;
  17   1        for(i=0;i<8;i++)
  18   1        {
  19   2          SCL=0;
  20   2          SDA=dat&0x01;
  21   2          SCL=1;
  22   2          dat>>=1;
  23   2        }
  24   1        EA = 1;
  25   1      }
  26          
  27          u8 read(u8 add)
  28          {
  29   1        u8 i,temp;
  30   1        u8 dat1,dat2;
  31   1        RST=0;
  32   1        SCL=0;
  33   1        RST=1;
  34   1        writebyte(add);
  35   1        EA = 0;
  36   1        for(i=0;i<8;i++)
  37   1        {
  38   2          SCL=0;
  39   2          temp>>=1;
  40   2          if(SDA)
  41   2          {
  42   3            temp|=0x80;
  43   3          }
  44   2          SCL=1;
  45   2        } 
  46   1        SDA=0;
  47   1        EA = 1;
  48   1        dat1=temp/16;
  49   1        dat2=temp%16;
  50   1        temp=dat1*10+dat2;
  51   1        return temp;
  52   1      }
  53          
  54          void write(u8 add,u8 dat)
C51 COMPILER V9.57.0.0   DS1302                                                            09/20/2020 12:04:24 PAGE 2   

  55          {
  56   1        u8 num;
  57   1        RST=0;
  58   1        SCL=0;
  59   1        RST=1;
  60   1        writebyte(add);
  61   1        num=(dat/10<<4)|(dat%10);
  62   1        writebyte(num);
  63   1        RST=0;
  64   1      }
  65          
  66          


MODULE INFORMATION:   STATIC OVERLAYABLE
   CODE SIZE        =    109    ----
   CONSTANT SIZE    =   ----    ----
   XDATA SIZE       =   ----    ----
   PDATA SIZE       =   ----    ----
   DATA SIZE        =   ----    ----
   IDATA SIZE       =   ----    ----
   BIT SIZE         =   ----    ----
END OF MODULE INFORMATION.


C51 COMPILATION COMPLETE.  0 WARNING(S),  0 ERROR(S)
