C51 COMPILER V9.57.0.0   MAIN                                                              09/20/2020 12:04:25 PAGE 1   


C51 COMPILER V9.57.0.0, COMPILATION OF MODULE MAIN
OBJECT MODULE PLACED IN .\Objects\main.obj
COMPILER INVOKED BY: D:\KeilC51\C51\BIN\C51.EXE ..\USER\main.c OPTIMIZE(8,SPEED) BROWSE INCDIR(..\FsBSP\inc;..\USER) DEB
                    -UG OBJECTEXTEND PRINT(.\Listings\main.lst) TABS(2) OBJECT(.\Objects\main.obj)

line level    source

   1          #include <STC15F2K60S2.h>
   2          #include "DS1302.h"
   3          #include "SEGLED.h"
   4          #include "common.h"
   5          #include "GPIO.h"
   6          #include "bsp_key.h"
   7          #include "user.h"
   8          
   9          #define TIME1S  25
  10          u8 flash = 0x01;
  11          TimeStatus blink = WalkTime;
  12          u8 isTime2GetKeyVal = 0;
  13          u8 flash_hour = 0x01;
  14          u8 flash_min = 0x01;
  15          u8 flash_sec = 0x01;
  16          KeyState keystate = NoKey;
  17          ClockStatus clockState = ShowTime;
  18          void Timer0Init(void)   //20ms@12.000MHz
  19          {
  20   1        AUXR &= 0x7F;  // 定时器时钟12T模式
  21   1        TMOD &= 0xF0;  // 设置定时器模式
  22   1        TL0 = 0xE0;    //设置定时初值
  23   1        TH0 = 0xB1;    //设置定时初值
  24   1        TF0 = 0;       //清除TF0标志
  25   1        TR0 = 1;       //定时器0开始计时
  26   1      }
  27          void Copy(u8 *a , u8 *b) //复制函数
  28          {
  29   1        a[0] = b[0];
  30   1        a[1] = b[1];
  31   1        a[2] = b[2];
  32   1      }
  33          void timer0() interrupt 1
  34          {
  35   1        static u16 cnt = 0;
  36   1        cnt++;
  37   1        ReadLine(&keystate ,&isTime2GetKeyVal);
  38   1        if(cnt % TIME1S == 0) 
  39   1        {
  40   2          flash = ~flash;
  41   2          flash_hour = ~flash_hour;
  42   2          flash_min = ~flash_min;
  43   2          flash_sec = ~flash_sec;
  44   2        }
  45   1        if(cnt >= 4000) cnt = 0;
  46   1      }
  47          
  48          void main()
  49          {
  50   1        u8 dbuf[]={0,0,0,0,0,0};
  51   1        u8 time[] ={45,23,10};
  52   1        u8 time_Buf[] = {0,0,0};
  53   1        init_IO();
  54   1        Timer0Init();
C51 COMPILER V9.57.0.0   MAIN                                                              09/20/2020 12:04:25 PAGE 2   

  55   1        writetime(time);
  56   1        EA = 1;
  57   1        ET0 = 1;
  58   1        while(1)
  59   1        {
  60   2          if(isTime2GetKeyVal)
  61   2          {
  62   3            isTime2GetKeyVal=0;
  63   3            ExecClock(GetKeyNum(),&clockState,&blink);
  64   3          }
  65   2          switch(blink)
  66   2          {
  67   3            case FlashHour: //小时闪烁
  68   3                HourFlash(dbuf,&flash_hour);
  69   3                break;
  70   3            case FlashMin: //分时闪烁
  71   3                MinFlash(dbuf,&flash_min);
  72   3                break;
  73   3            case FlashSec: //秒时闪烁
  74   3                SecFlash(dbuf,&flash_sec);
  75   3                break;
  76   3            case ModifyTheTime://校时修改后读取
  77   3                blink = WalkTime;
  78   3                writetime(time);
  79   3                break;
  80   3            case UnmodifiedTime: //未修改后读取
  81   3                blink = WalkTime;
  82   3                Copy(time,time_Buf);
  83   3                writetime(time);
  84   3                break;
  85   3            case ChangeHour:  //小时加1
  86   3               TimeChange(time,&blink);
  87   3               BCD_conversion(time,dbuf);
  88   3               blink = FlashHour;
  89   3               break;
  90   3            case ChangeMin: //分时加1
  91   3               TimeChange(time,&blink);     
  92   3               BCD_conversion(time,dbuf);
  93   3               blink = FlashMin;
  94   3               break;
  95   3            case ChangeSec: //秒时加1
  96   3               TimeChange(time,&blink);   
  97   3               BCD_conversion(time,dbuf);
  98   3               blink = FlashSec;      
  99   3               break;
 100   3            case SaveTime: //进入校时状态下对time值进行复制,进入小时闪烁状态
 101   3               blink = FlashHour;
 102   3               Copy(time_Buf,time);
 103   3               break;
 104   3            default: //Walktime 
 105   3               readtime(time);  
 106   3               BCD_conversion(time,dbuf);
 107   3               segdisp(dbuf,&flash);  
 108   3               break;
 109   3              }
 110   2        }
 111   1      }


MODULE INFORMATION:   STATIC OVERLAYABLE
   CODE SIZE        =    667    ----
   CONSTANT SIZE    =     12    ----
C51 COMPILER V9.57.0.0   MAIN                                                              09/20/2020 12:04:25 PAGE 3   

   XDATA SIZE       =   ----    ----
   PDATA SIZE       =   ----    ----
   DATA SIZE        =     10      18
   IDATA SIZE       =   ----    ----
   BIT SIZE         =   ----    ----
END OF MODULE INFORMATION.


C51 COMPILATION COMPLETE.  0 WARNING(S),  0 ERROR(S)
