C51 COMPILER V9.57.0.0   DS18B20                                                           10/09/2020 17:22:14 PAGE 1   


C51 COMPILER V9.57.0.0, COMPILATION OF MODULE DS18B20
OBJECT MODULE PLACED IN .\Objects\DS18B20.obj
COMPILER INVOKED BY: D:\KeilC51\C51\BIN\C51.EXE ..\BSP\src\DS18B20.c OPTIMIZE(8,SPEED) BROWSE INCDIR(..\BSP\inc;..\User)
                    - DEBUG OBJECTEXTEND PRINT(.\Listings\DS18B20.lst) TABS(2) OBJECT(.\Objects\DS18B20.obj)

line level    source

   1          #include "DS18B20.h"
   2          
   3          void Delay100us()   //@11.0592MHz
   4          {
   5   1        unsigned char i, j;
   6   1      
   7   1        _nop_();
   8   1        _nop_();
   9   1        i = 2;
  10   1        j = 15;
  11   1        do
  12   1        {
  13   2          while (--j);
  14   2        } while (--i);
  15   1      }
  16          
  17          void Delay500us()   //@11.0592MHz
  18          {
  19   1        unsigned char i, j;
  20   1      
  21   1        _nop_();
  22   1        _nop_();
  23   1        i = 6;
  24   1        j = 93;
  25   1        do
  26   1        {
  27   2          while (--j);
  28   2        } while (--i);
  29   1      }
  30          
  31          void dsinit()
  32          {
  33   1        DQ=0;
  34   1        Delay500us();
  35   1        DQ=1;
  36   1        Delay500us();
  37   1      }
  38          
  39          u8 read1()
  40          {
  41   1        u8 i;
  42   1        u8 dat;
  43   1        for(i=0;i<8;i++)
  44   1        {
  45   2          DQ=0;
  46   2          _nop_();
  47   2          dat>>=1;
  48   2          DQ=1;
  49   2          if(DQ==1)
  50   2          {
  51   3            dat |= 0x80;// dat=dat|0x80;   0000 0000 | 1000 0000 =1000 0000
  52   3          }
  53   2          Delay100us();
  54   2        }
C51 COMPILER V9.57.0.0   DS18B20                                                           10/09/2020 17:22:14 PAGE 2   

  55   1        return dat;
  56   1      }
  57          
  58          void write1(u8 dat)
  59          {
  60   1        u8 i;
  61   1        for(i=0;i<8;i++)
  62   1        {
  63   2          DQ=0;
  64   2          DQ=dat&0x01;//0100 0100 & 0000 0001 // 0000 0001
  65   2          Delay100us();
  66   2          DQ=1;
  67   2          dat>>=1;//dat=dat>>1;//1001 0000//0010 0001
  68   2        }
  69   1      }
  70          
  71          u8 temget()
  72          {
  73   1        u8 temp;
  74   1        u8 low,high;
  75   1        
  76   1        dsinit();
  77   1        write1(0xcc);
  78   1        write1(0x44);
  79   1        Delay500us(); Delay500us(); 
  80   1      
  81   1        dsinit();
  82   1        write1(0xcc);
  83   1        write1(0xbe);
  84   1        
  85   1        low=read1();
  86   1        high=read1();
  87   1        
  88   1        temp=high<<4;//0000 0101  =0101 0000
  89   1        temp |= (low>>4); //  1010 0110   0000 0110 | 0101 0000=0101 0110
  90   1        
  91   1        return temp;
  92   1      }
  93          


MODULE INFORMATION:   STATIC OVERLAYABLE
   CODE SIZE        =    135    ----
   CONSTANT SIZE    =   ----    ----
   XDATA SIZE       =   ----    ----
   PDATA SIZE       =   ----    ----
   DATA SIZE        =   ----    ----
   IDATA SIZE       =   ----    ----
   BIT SIZE         =   ----    ----
END OF MODULE INFORMATION.


C51 COMPILATION COMPLETE.  0 WARNING(S),  0 ERROR(S)
