C51 COMPILER V9.57.0.0   SEGLED                                                            10/09/2020 17:22:14 PAGE 1   


C51 COMPILER V9.57.0.0, COMPILATION OF MODULE SEGLED
OBJECT MODULE PLACED IN .\Objects\SEGLED.obj
COMPILER INVOKED BY: D:\KeilC51\C51\BIN\C51.EXE ..\BSP\src\SEGLED.c OPTIMIZE(8,SPEED) BROWSE INCDIR(..\BSP\inc;..\User) 
                    -DEBUG OBJECTEXTEND PRINT(.\Listings\SEGLED.lst) TABS(2) OBJECT(.\Objects\SEGLED.obj)

line level    source

   1          #include "SEGLED.h"
   2          
   3          u8 code segtab[]={0xc0,0xf9,0xa4,0xb0,0x99,0x92,0x82,0xf8,0x80,0x90,0xff,0xbf};
   4          
   5          void Delay1ms()   //@12.000MHz
   6          {
   7   1        unsigned char i, j;
   8   1        i = 12;
   9   1        j = 169;
  10   1        do
  11   1        {
  12   2          while (--j);
  13   2        } while (--i);
  14   1      }
  15          
  16          void segdisp(u8 *process)
  17          {
  18   1        u8 bsel=0x01,j;
  19   1        P2&=0x1f; //释放片选
  20   1        for(j=0;j<8;j++)
  21   1        {
  22   2          P0 = bsel; //选择com
  23   2          P2 = P2&0x1f|0xc0; //选择Y6
  24   2          P2&=0x1f; //释放片选
  25   2          P0 = segtab[process[j]]; //显示数码管段码值
  26   2          P2 = P2&0x1f|0xe0;//选择Y7
  27   2          Delay1ms();
  28   2          bsel = _crol_(bsel,1); //向左移一位
  29   2          P0 |= 0xff;
  30   2          P2&=0x1f; //释放片选
  31   2        }
  32   1      }
  33          
  34          void TimeFlash(u8 *process , bit flash)
  35          {
  36   1        u8 bsel=0x01,j;
  37   1        P2&=0x1f; //释放片选
  38   1        for(j=0;j<8;j++)
  39   1        {
  40   2          P0 = bsel; //选择com
  41   2          P2 = P2&0x1f|0xc0; //选择Y6
  42   2          P2&=0x1f; //释放片选
  43   2          P0 = segtab[process[j]]; //显示数码管段码值
  44   2          if((j ==2 || j == 5) && flash == 1 )
  45   2            P0 |= 0xff;
  46   2          P2 = P2&0x1f|0xe0;//选择Y7
  47   2          Delay1ms();
  48   2          bsel = _crol_(bsel,1); //向左移一位
  49   2          P0 |= 0xff;
  50   2          P2&=0x1f; //释放片选
  51   2        } 
  52   1      }


C51 COMPILER V9.57.0.0   SEGLED                                                            10/09/2020 17:22:14 PAGE 2   

MODULE INFORMATION:   STATIC OVERLAYABLE
   CODE SIZE        =    175    ----
   CONSTANT SIZE    =     12    ----
   XDATA SIZE       =   ----    ----
   PDATA SIZE       =   ----    ----
   DATA SIZE        =   ----       6
   IDATA SIZE       =   ----    ----
   BIT SIZE         =   ----       1
END OF MODULE INFORMATION.


C51 COMPILATION COMPLETE.  0 WARNING(S),  0 ERROR(S)
